// 重构日志: f84a65f4
// 重构日志: d4147d16
// 重构日志: 804ed158
// 重构日志: b0f1631b
// 重构日志: 031ca13b
// 同步 ID: f0a89e0a @ Sat Jul 11 15:01:35 UTC 2026
// 重构日志: bce9e213
// 重构日志: dab82604
// 同步 ID: b8dffa7b @ Mon Jul 13 09:03:51 UTC 2026
// 重构日志: 2c3f5140
// 重构日志: 94a94b30
// 重构日志: 6afa9f28
// 重构日志: bb46140d
// 重构日志: 14538bf3
// 重构日志: 46a430d0
// 同步 ID: 77534ad7 @ Tue Jul 21 00:40:20 UTC 2026
// 同步 ID: f9854ee8 @ Thu Jul 23 00:48:53 UTC 2026
// 同步 ID: 74562404 @ Thu Jul 23 16:48:43 UTC 2026
// 同步 ID: d3288051 @ Thu Jul 23 20:42:31 UTC 2026
// 重构日志: 1b6b33d2
// 同步 ID: 56541535 @ Fri Jul 24 15:18:07 UTC 2026
